<?xml version="1.0" encoding="UTF-8" ?>
<testsuite tests="5" failures="1" name="selenium.test.cases.HepsiBuradaTest" time="180.993" errors="0" skipped="0">
  <properties>
    <property name="java.runtime.name" value="Java(TM) SE Runtime Environment"/>
    <property name="sun.boot.library.path" value="C:\Program Files\Java\jdk1.8.0_144\jre\bin"/>
    <property name="java.vm.version" value="25.144-b01"/>
    <property name="java.vm.vendor" value="Oracle Corporation"/>
    <property name="maven.multiModuleProjectDirectory" value="C:\Users\USER\Desktop\kerem\eclipse-projects\SeleniumGridTest"/>
    <property name="java.vendor.url" value="http://java.oracle.com/"/>
    <property name="path.separator" value=";"/>
    <property name="guice.disable.misplaced.annotation.check" value="true"/>
    <property name="java.vm.name" value="Java HotSpot(TM) 64-Bit Server VM"/>
    <property name="file.encoding.pkg" value="sun.io"/>
    <property name="user.script" value=""/>
    <property name="user.country" value="TR"/>
    <property name="sun.java.launcher" value="SUN_STANDARD"/>
    <property name="sun.os.patch.level" value="Service Pack 1"/>
    <property name="java.vm.specification.name" value="Java Virtual Machine Specification"/>
    <property name="user.dir" value="C:\Users\USER\Desktop\kerem\eclipse-projects\SeleniumGridTest"/>
    <property name="java.runtime.version" value="1.8.0_144-b01"/>
    <property name="java.awt.graphicsenv" value="sun.awt.Win32GraphicsEnvironment"/>
    <property name="java.endorsed.dirs" value="C:\Program Files\Java\jdk1.8.0_144\jre\lib\endorsed"/>
    <property name="os.arch" value="amd64"/>
    <property name="java.io.tmpdir" value="C:\Users\USER\AppData\Local\Temp\"/>
    <property name="line.separator" value="
"/>
    <property name="java.vm.specification.vendor" value="Oracle Corporation"/>
    <property name="user.variant" value=""/>
    <property name="os.name" value="Windows 7"/>
    <property name="classworlds.conf" value="C:\Users\USER\eclipse-workspace\.metadata\.plugins\org.eclipse.m2e.launching\launches\m2conf7471687428864244500.tmp"/>
    <property name="sun.jnu.encoding" value="Cp1254"/>
    <property name="java.library.path" value="C:\Program Files\Java\jdk1.8.0_144\bin;C:\Windows\Sun\Java\bin;C:\Windows\system32;C:\Windows;C:\Program Files\Java\jdk1.8.0_144\jre\bin;C:/Program Files/Java/jre1.8.0_144/bin/server;C:/Program Files/Java/jre1.8.0_144/bin;C:/Program Files/Java/jre1.8.0_144/lib/amd64;C:\ProgramData\Oracle\Java\javapath;C:\Windows\system32;C:\Windows;C:\Windows\System32\Wbem;C:\Windows\System32\WindowsPowerShell\v1.0\;C:\Program Files\PuTTY\;C:\Program Files\Java\jdk1.8.0_144\bin;C:\dev\apache-maven-3.5.0\bin;;C:\Users\USER\AppData\Roaming\Microsoft\Windows\Start Menu\Programs\Eclipse;;."/>
    <property name="java.specification.name" value="Java Platform API Specification"/>
    <property name="java.class.version" value="52.0"/>
    <property name="sun.management.compiler" value="HotSpot 64-Bit Tiered Compilers"/>
    <property name="os.version" value="6.1"/>
    <property name="user.home" value="C:\Users\USER"/>
    <property name="user.timezone" value="Asia/Istanbul"/>
    <property name="java.awt.printerjob" value="sun.awt.windows.WPrinterJob"/>
    <property name="java.specification.version" value="1.8"/>
    <property name="file.encoding" value="Cp1254"/>
    <property name="user.name" value="USER"/>
    <property name="java.class.path" value="/C:/Users/USER/eclipse/java-oxygen/eclipse/../../../.p2/pool/plugins/org.eclipse.m2e.maven.runtime_1.8.0.20170516-2042/jars/plexus-classworlds-2.5.2.jar"/>
    <property name="java.vm.specification.version" value="1.8"/>
    <property name="sun.arch.data.model" value="64"/>
    <property name="java.home" value="C:\Program Files\Java\jdk1.8.0_144\jre"/>
    <property name="sun.java.command" value="org.codehaus.plexus.classworlds.launcher.Launcher -B surefire-report:report"/>
    <property name="java.specification.vendor" value="Oracle Corporation"/>
    <property name="user.language" value="tr"/>
    <property name="awt.toolkit" value="sun.awt.windows.WToolkit"/>
    <property name="java.vm.info" value="mixed mode"/>
    <property name="java.version" value="1.8.0_144"/>
    <property name="java.ext.dirs" value="C:\Program Files\Java\jdk1.8.0_144\jre\lib\ext;C:\Windows\Sun\Java\lib\ext"/>
    <property name="sun.boot.class.path" value="C:\Program Files\Java\jdk1.8.0_144\jre\lib\resources.jar;C:\Program Files\Java\jdk1.8.0_144\jre\lib\rt.jar;C:\Program Files\Java\jdk1.8.0_144\jre\lib\sunrsasign.jar;C:\Program Files\Java\jdk1.8.0_144\jre\lib\jsse.jar;C:\Program Files\Java\jdk1.8.0_144\jre\lib\jce.jar;C:\Program Files\Java\jdk1.8.0_144\jre\lib\charsets.jar;C:\Program Files\Java\jdk1.8.0_144\jre\lib\jfr.jar;C:\Program Files\Java\jdk1.8.0_144\jre\classes"/>
    <property name="java.vendor" value="Oracle Corporation"/>
    <property name="maven.home" value="C:\Users\USER\Desktop\kerem\eclipse-projects\SeleniumGridTest\EMBEDDED"/>
    <property name="file.separator" value="\"/>
    <property name="java.vendor.url.bug" value="http://bugreport.sun.com/bugreport/"/>
    <property name="sun.cpu.endian" value="little"/>
    <property name="sun.io.unicode.encoding" value="UnicodeLittle"/>
    <property name="sun.desktop" value="windows"/>
    <property name="sun.cpu.isalist" value="amd64"/>
  </properties>
  <testcase classname="selenium.test.cases.HepsiBuradaTest" name="panelControl[4]" time="31.159">
    <failure message="expected:&lt;&quot;[telefon&quot; için en iyi sonuçlar]&gt; but was:&lt;&quot;[TELEFON&quot; IÇIN EN IYI SONUÇLAR]&gt;" type="org.junit.ComparisonFailure">org.junit.ComparisonFailure: expected:&lt;&quot;[telefon&quot; için en iyi sonuçlar]&gt; but was:&lt;&quot;[TELEFON&quot; IÇIN EN IYI SONUÇLAR]&gt;
	at org.junit.Assert.assertEquals(Assert.java:115)
	at org.junit.Assert.assertEquals(Assert.java:144)
	at selenium.test.cases.HepsiBuradaTest.panelControl(HepsiBuradaTest.java:54)
	at sun.reflect.NativeMethodAccessorImpl.invoke0(Native Method)
	at sun.reflect.NativeMethodAccessorImpl.invoke(NativeMethodAccessorImpl.java:62)
	at sun.reflect.DelegatingMethodAccessorImpl.invoke(DelegatingMethodAccessorImpl.java:43)
	at java.lang.reflect.Method.invoke(Method.java:498)
	at org.junit.runners.model.FrameworkMethod$1.runReflectiveCall(FrameworkMethod.java:50)
	at org.junit.internal.runners.model.ReflectiveCallable.run(ReflectiveCallable.java:12)
	at org.junit.runners.model.FrameworkMethod.invokeExplosively(FrameworkMethod.java:47)
	at org.junit.internal.runners.statements.InvokeMethod.evaluate(InvokeMethod.java:17)
	at org.junit.internal.runners.statements.RunBefores.evaluate(RunBefores.java:26)
	at org.junit.internal.runners.statements.RunAfters.evaluate(RunAfters.java:27)
	at org.junit.runners.ParentRunner.runLeaf(ParentRunner.java:325)
	at org.junit.runners.BlockJUnit4ClassRunner.runChild(BlockJUnit4ClassRunner.java:78)
	at org.junit.runners.BlockJUnit4ClassRunner.runChild(BlockJUnit4ClassRunner.java:57)
	at org.junit.runners.ParentRunner$3.run(ParentRunner.java:290)
	at org.junit.runners.ParentRunner$1.schedule(ParentRunner.java:71)
	at org.junit.runners.ParentRunner.runChildren(ParentRunner.java:288)
	at org.junit.runners.ParentRunner.access$000(ParentRunner.java:58)
	at org.junit.runners.ParentRunner$2.evaluate(ParentRunner.java:268)
	at org.junit.runners.ParentRunner.run(ParentRunner.java:363)
	at org.junit.runners.Suite.runChild(Suite.java:128)
	at org.junit.runners.Suite.runChild(Suite.java:27)
	at org.junit.runners.ParentRunner$3.run(ParentRunner.java:290)
	at java.util.concurrent.Executors$RunnableAdapter.call(Executors.java:511)
	at java.util.concurrent.FutureTask.run(FutureTask.java:266)
	at java.util.concurrent.ThreadPoolExecutor.runWorker(ThreadPoolExecutor.java:1149)
	at java.util.concurrent.ThreadPoolExecutor$Worker.run(ThreadPoolExecutor.java:624)
	at java.lang.Thread.run(Thread.java:748)
</failure>
    <system-out>Starting test panelControl, for browser:chromeV60.0.3112.113
Select Query: SELECT ID, VALUE, ACTIVE_FLAG from SCENARIO_INPUTS WHERE SCENARIO_NAME = &apos;HepsiBuradaTest&apos; AND TEST_STEP = &apos;panelControl&apos; AND VARIABLE = &apos;url&apos; AND ACTIVE_FLAG = &apos;1&apos; LIMIT 1
Starting test panelControl, for browser:chromeV61.0.3163.79
Select Query: SELECT ID, VALUE, ACTIVE_FLAG from SCENARIO_INPUTS WHERE SCENARIO_NAME = &apos;HepsiBuradaTest&apos; AND TEST_STEP = &apos;panelControl&apos; AND VARIABLE = &apos;url&apos; AND ACTIVE_FLAG = &apos;1&apos; LIMIT 1
id = 1 value = http://www.hepsiburada.com
id = 1 value = http://www.hepsiburada.com
Select Query: SELECT ID, VALUE, ACTIVE_FLAG from SCENARIO_INPUTS WHERE SCENARIO_NAME = &apos;HepsiBuradaTest&apos; AND TEST_STEP = &apos;panelControl&apos; AND VARIABLE = &apos;searchKey&apos; AND ACTIVE_FLAG = &apos;1&apos; LIMIT 1
id = 2 value = telefon
Select Query: SELECT ID, VALUE, ACTIVE_FLAG from SCENARIO_INPUTS WHERE SCENARIO_NAME = &apos;HepsiBuradaTest&apos; AND TEST_STEP = &apos;panelControl&apos; AND VARIABLE = &apos;searchKey&apos; AND ACTIVE_FLAG = &apos;1&apos; LIMIT 1
id = 4 value = telefon
Starting test panelControl, for browser:firefoxV52.0.2
Select Query: SELECT ID, VALUE, ACTIVE_FLAG from SCENARIO_INPUTS WHERE SCENARIO_NAME = &apos;HepsiBuradaTest&apos; AND TEST_STEP = &apos;panelControl&apos; AND VARIABLE = &apos;url&apos; AND ACTIVE_FLAG = &apos;1&apos; LIMIT 1
id = 3 value = http://www.hepsiburada.com
Select Query: SELECT ID, VALUE, ACTIVE_FLAG from SCENARIO_INPUTS WHERE SCENARIO_NAME = &apos;HepsiBuradaTest&apos; AND TEST_STEP = &apos;panelControl&apos; AND VARIABLE = &apos;searchKey&apos; AND ACTIVE_FLAG = &apos;1&apos; LIMIT 1
id = 6 value = telefon
Starting test panelControl, for browser:firefoxV55.0.3
Select Query: SELECT ID, VALUE, ACTIVE_FLAG from SCENARIO_INPUTS WHERE SCENARIO_NAME = &apos;HepsiBuradaTest&apos; AND TEST_STEP = &apos;panelControl&apos; AND VARIABLE = &apos;url&apos; AND ACTIVE_FLAG = &apos;1&apos; LIMIT 1
id = 5 value = http://www.hepsiburada.com
Select Query: SELECT ID, VALUE, ACTIVE_FLAG from SCENARIO_INPUTS WHERE SCENARIO_NAME = &apos;HepsiBuradaTest&apos; AND TEST_STEP = &apos;panelControl&apos; AND VARIABLE = &apos;searchKey&apos; AND ACTIVE_FLAG = &apos;1&apos; LIMIT 1
id = 8 value = telefon
Starting test panelControl, for browser:internet explorerV11.0.9600.17107
Select Query: SELECT ID, VALUE, ACTIVE_FLAG from SCENARIO_INPUTS WHERE SCENARIO_NAME = &apos;HepsiBuradaTest&apos; AND TEST_STEP = &apos;panelControl&apos; AND VARIABLE = &apos;url&apos; AND ACTIVE_FLAG = &apos;1&apos; LIMIT 1
id = 7 value = http://www.hepsiburada.com
Select Query: SELECT ID, VALUE, ACTIVE_FLAG from SCENARIO_INPUTS WHERE SCENARIO_NAME = &apos;HepsiBuradaTest&apos; AND TEST_STEP = &apos;panelControl&apos; AND VARIABLE = &apos;searchKey&apos; AND ACTIVE_FLAG = &apos;1&apos; LIMIT 1
id = 10 value = telefon
SUCCESS: Title matches!
Total Time(ms):22901
Ending test panelControl, for browser:firefoxV55.0.3
</system-out>
    <system-err>Eyl 19, 2017 10:20:26 PM org.openqa.selenium.remote.ProtocolHandshake createSession
INFO: Detected dialect: OSS
Eyl 19, 2017 10:20:26 PM org.openqa.selenium.remote.ProtocolHandshake createSession
INFO: Detected dialect: OSS
Eyl 19, 2017 10:20:30 PM org.openqa.selenium.remote.ProtocolHandshake createSession
INFO: Detected dialect: OSS
Eyl 19, 2017 10:20:31 PM org.openqa.selenium.remote.ProtocolHandshake createSession
INFO: Detected dialect: W3C
Eyl 19, 2017 10:20:32 PM org.openqa.selenium.remote.ProtocolHandshake createSession
INFO: Detected dialect: OSS
</system-err>
  </testcase>
  <testcase classname="selenium.test.cases.HepsiBuradaTest" name="panelControl[1]" time="31.338"/>
  <testcase classname="selenium.test.cases.HepsiBuradaTest" name="panelControl[3]" time="35.849"/>
  <testcase classname="selenium.test.cases.HepsiBuradaTest" name="panelControl[2]" time="36.591"/>
  <testcase classname="selenium.test.cases.HepsiBuradaTest" name="panelControl[0]" time="46.056"/>
</testsuite>